DiagnosticsPluginLauncher.exe Information: 0 : [10/04/2019 1:44:42 AM] Emulator config file set to C:\Users\Ian Francis Roldan\Documents\GitHub\ProgramAssignment4\AzureCloudService3\AzureCloudService3\csx\Debug\roles\WebRole1\approot\diagnostics.wadcfgx
DiagnosticsPluginLauncher.exe Information: 0 : [10/04/2019 1:44:42 AM] DiagnosticsStoreRootPath set to: C:\Users\Ian Francis Roldan\AppData\Local\dftmp\Resources\79298423-94a0-4be6-8424-5779337a55ca
DiagnosticsPluginLauncher.exe Information: 0 : [10/04/2019 1:44:42 AM] Loading config file: C:\Users\Ian Francis Roldan\Documents\GitHub\ProgramAssignment4\AzureCloudService3\AzureCloudService3\csx\Debug\roles\WebRole1\approot\diagnostics.wadcfgx
DiagnosticsPluginLauncher.exe Information: 0 : [10/04/2019 1:44:42 AM] Config file to read: C:\Users\Ian Francis Roldan\Documents\GitHub\ProgramAssignment4\AzureCloudService3\AzureCloudService3\csx\Debug\roles\WebRole1\approot\diagnostics.wadcfgx
DiagnosticsPluginLauncher.exe Information: 0 : [10/04/2019 1:44:42 AM] Checking VM Type
DiagnosticsPluginLauncher.exe Information: 0 : [10/04/2019 1:44:42 AM] Emulator config file set to C:\Users\Ian Francis Roldan\Documents\GitHub\ProgramAssignment4\AzureCloudService3\AzureCloudService3\csx\Debug\roles\WebRole1\approot\diagnostics.wadcfgx
DiagnosticsPluginLauncher.exe Information: 0 : [10/04/2019 1:44:42 AM] Extension set to Emulator Mode
DiagnosticsPluginLauncher.exe Information: 0 : [10/04/2019 1:44:42 AM] Reading XML configuration file
DiagnosticsPluginLauncher.exe Information: 0 : [10/04/2019 1:44:42 AM] Bypassing private config decryption
DiagnosticsPluginLauncher.exe Information: 0 : [10/04/2019 1:44:42 AM] Stopping the running plugin, if any
DiagnosticsPluginLauncher.exe Information: 0 : [10/04/2019 1:44:42 AM] Found a DiagnosticsPlugin.exe. WadArguments: "C:\Users\Ian Francis Roldan\Documents\GitHub\ProgramAssignment4\AzureCloudService3\AzureCloudService3\csx\Debug\roles\WebCrawler\plugins\Diagnostics\DiagnosticsPlugin.exe" DiagnosticPlugin-ShutdownEvent DiagnosticPlugin-TotalShutdownEvent -wadVer1v5.
DiagnosticsPluginLauncher.exe Information: 0 : [10/04/2019 1:44:42 AM] Loading config file: C:\Users\Ian Francis Roldan\Documents\GitHub\ProgramAssignment4\AzureCloudService3\AzureCloudService3\csx\Debug\roles\WebRole1\approot\diagnostics.wadcfgx
DiagnosticsPluginLauncher.exe Information: 0 : [10/04/2019 1:44:42 AM] Config file to read: C:\Users\Ian Francis Roldan\Documents\GitHub\ProgramAssignment4\AzureCloudService3\AzureCloudService3\csx\Debug\roles\WebRole1\approot\diagnostics.wadcfgx
DiagnosticsPluginLauncher.exe Information: 0 : [10/04/2019 1:44:42 AM] Reading XML configuration file
DiagnosticsPluginLauncher.exe Information: 0 : [10/04/2019 1:44:42 AM] Bypassing private config decryption
DiagnosticsPluginLauncher.exe Information: 0 : [10/04/2019 1:44:42 AM] Killing any DiagnosticsPlugin that might remain.
DiagnosticsPluginLauncher.exe Information: 0 : [10/04/2019 1:44:42 AM] Found a DiagnosticsPlugin.exe. WadArguments: "C:\Users\Ian Francis Roldan\Documents\GitHub\ProgramAssignment4\AzureCloudService3\AzureCloudService3\csx\Debug\roles\WebCrawler\plugins\Diagnostics\DiagnosticsPlugin.exe" DiagnosticPlugin-ShutdownEvent DiagnosticPlugin-TotalShutdownEvent -wadVer1v5.
DiagnosticsPluginLauncher.exe Information: 0 : [10/04/2019 1:45:42 AM] Forcefully terminated DiagnosticsPlugin.exe process with pid 13756
DiagnosticsPluginLauncher.exe Information: 0 : [10/04/2019 1:45:43 AM] Killing any MonAgentHost that might remain.
DiagnosticsPluginLauncher.exe Information: 0 : [10/04/2019 1:45:43 AM] Found a MonAgentHost.exe. WadArguments: "C:\Users\Ian Francis Roldan\Documents\GitHub\ProgramAssignment4\AzureCloudService3\AzureCloudService3\csx\Debug\roles\WebCrawler\plugins\Diagnostics\Monitor\x64\MonAgentHost.exe" -LocalPath "C:\Users\Ian Francis Roldan\AppData\Local\dftmp\Resources\d39916b1-a39d-471c-bad0-397501b48963\WAD0105"  -ConfigFile "C:\Users\Ian Francis Roldan\AppData\Local\dftmp\Resources\d39916b1-a39d-471c-bad0-397501b48963\WAD0105\Configuration\MaConfig.xml" -ShutDownEvent WADDM-ShutDown-899a9a4ef6d9440bb3ea54d9f3e4954e  -TotalShutDownEvent WADDM-TotalShutDown-899a9a4ef6d9440bb3ea54d9f3e4954e -InitializedEvent WADM-StartUp-899a9a4ef6d9440bb3ea54d9f3e4954e -parent 13756 -events -wadVer1v5 -UseProxyServer -XStoreAccounts WadAccount#true#devstoreaccount1#Eby8vdM02xNOcqFlqUwJPLlmEtlCDXJ1OUzFT50uSRZ6IFsuFq2UVErCz4I6tq/K1SZFPTOtr/KBHBeksoGMGw==#http://127.0.0.1:10002#http://127.0.0.1:10001#http://127.0.0.1:10000.
DiagnosticsPluginLauncher.exe Information: 0 : [10/04/2019 1:46:27 AM] Diagnostics plugin stopped successfully
DiagnosticsPluginLauncher.exe Information: 0 : [10/04/2019 1:46:27 AM] Resetting DiagnosticPlugin
